<?xml version="1.0" encoding="UTF-8"?>
<!-- Generated by org.testng.reporters.JUnitReportReporter -->
<testsuite hostname="LAPTOP-B65CD29P" failures="0" tests="1" name="Booking.Bookings" time="0.010" errors="0" timestamp="2021-01-29T01:56:16 EST" skipped="0">
  <testcase classname="Booking.Bookings" name="booking" time="0.010"/>
  <system-out/>
</testsuite> <!-- Booking.Bookings -->
